{
  "stats": {
    "suites": 7,
    "tests": 56,
    "passes": 56,
    "pending": 0,
    "failures": 0,
    "start": "2019-09-25T09:51:28.864Z",
    "end": "2019-09-25T09:51:48.098Z",
    "duration": 19234,
    "testsRegistered": 56,
    "passPercent": 100,
    "pendingPercent": 0,
    "other": 0,
    "hasOther": false,
    "skipped": 0,
    "hasSkipped": false
  },
  "results": [
    {
      "uuid": "2aab5e16-0f41-46b8-a746-1f6cbe30219c",
      "title": "",
      "fullFile": "",
      "file": "",
      "beforeHooks": [
        {
          "title": "\"before all\" hook",
          "fullTitle": "\"before all\" hook",
          "timedOut": false,
          "duration": 272,
          "state": null,
          "speed": null,
          "pass": false,
          "fail": false,
          "pending": false,
          "context": null,
          "code": "browser = await puppeteer.launch({\n  headless: config.isHeadLess,\n  slowMo: config.slowMo,\n  devtools: config.devtools,\n  timeout: config.launchTimeout\n})\npage = await browser.newPage()\nawait page.setDefaultTimeout(config.waitingTimeout)\nawait page.setViewport({\n  width: config.viewportWeiht,\n  height: config.viewportHeight\n})",
          "err": {},
          "uuid": "234961ce-532f-4e49-bde8-bfa60338de12",
          "parentUUID": "2aab5e16-0f41-46b8-a746-1f6cbe30219c",
          "isHook": true,
          "skipped": false
        },
        {
          "title": "\"before all\" hook",
          "fullTitle": "\"before all\" hook",
          "timedOut": false,
          "duration": 231,
          "state": null,
          "speed": null,
          "pass": false,
          "fail": false,
          "pending": false,
          "context": null,
          "code": "browser = await puppeteer.launch({\n  headless: config.isHeadLess,\n  slowMo: config.slowMo,\n  devtools: config.devtools,\n  timeout: config.launchTimeout\n})\npage = await browser.newPage()\nawait page.setDefaultTimeout(config.waitingTimeout)\nawait page.setViewport({\n  width: config.viewportWeiht,\n  height: config.viewportHeight\n})",
          "err": {},
          "uuid": "9f52c56f-c20f-4dc7-906d-de0a202947e8",
          "parentUUID": "2aab5e16-0f41-46b8-a746-1f6cbe30219c",
          "isHook": true,
          "skipped": false
        },
        {
          "title": "\"before all\" hook",
          "fullTitle": "\"before all\" hook",
          "timedOut": false,
          "duration": 229,
          "state": null,
          "speed": null,
          "pass": false,
          "fail": false,
          "pending": false,
          "context": null,
          "code": "browser = await puppeteer.launch({\n  headless: config.isHeadLess,\n  slowMo: config.slowMo,\n  devtools: config.devtools,\n  timeout: config.launchTimeout\n})\npage = await browser.newPage()\nawait page.setDefaultTimeout(config.waitingTimeout)\nawait page.setViewport({\n  width: config.viewportWeiht,\n  height: config.viewportHeight\n})",
          "err": {},
          "uuid": "25432103-117e-4a12-870d-b53012e4a923",
          "parentUUID": "2aab5e16-0f41-46b8-a746-1f6cbe30219c",
          "isHook": true,
          "skipped": false
        }
      ],
      "afterHooks": [
        {
          "title": "\"after all\" hook",
          "fullTitle": "\"after all\" hook",
          "timedOut": false,
          "duration": 194,
          "state": null,
          "speed": null,
          "pass": false,
          "fail": false,
          "pending": false,
          "context": null,
          "code": "await browser.close()",
          "err": {},
          "uuid": "def0c71b-2431-4c76-9c1c-c41b9ad6c61d",
          "parentUUID": "2aab5e16-0f41-46b8-a746-1f6cbe30219c",
          "isHook": true,
          "skipped": false
        },
        {
          "title": "\"after all\" hook",
          "fullTitle": "\"after all\" hook",
          "timedOut": false,
          "duration": 114,
          "state": null,
          "speed": null,
          "pass": false,
          "fail": false,
          "pending": false,
          "context": null,
          "code": "await browser.close()",
          "err": {},
          "uuid": "3a65a34f-8605-46ad-91ee-b431a5fd0c11",
          "parentUUID": "2aab5e16-0f41-46b8-a746-1f6cbe30219c",
          "isHook": true,
          "skipped": false
        },
        {
          "title": "\"after all\" hook",
          "fullTitle": "\"after all\" hook",
          "timedOut": false,
          "duration": 106,
          "state": null,
          "speed": null,
          "pass": false,
          "fail": false,
          "pending": false,
          "context": null,
          "code": "await browser.close()",
          "err": {},
          "uuid": "4f72670f-2ce8-4318-89b4-4ca2374aa987",
          "parentUUID": "2aab5e16-0f41-46b8-a746-1f6cbe30219c",
          "isHook": true,
          "skipped": false
        }
      ],
      "tests": [],
      "suites": [
        {
          "uuid": "545e91a1-c3a5-4feb-b5d9-467050d63d39",
          "title": "Login page invalid tests",
          "fullFile": "C:\\hub-tests\\tests\\loginForm.spec.js",
          "file": "\\tests\\loginForm.spec.js",
          "beforeHooks": [],
          "afterHooks": [],
          "tests": [],
          "suites": [
            {
              "uuid": "8eb833c1-ea96-4b26-985a-0898bd39f551",
              "title": "Submit empty login form",
              "fullFile": "C:\\hub-tests\\tests\\loginForm.spec.js",
              "file": "\\tests\\loginForm.spec.js",
              "beforeHooks": [],
              "afterHooks": [],
              "tests": [
                {
                  "title": "go to login page",
                  "fullTitle": "Login page invalid tests Submit empty login form go to login page",
                  "timedOut": false,
                  "duration": 2769,
                  "state": "passed",
                  "speed": "slow",
                  "pass": true,
                  "fail": false,
                  "pending": false,
                  "context": null,
                  "code": "await functions.loadUrl(page, config.baseURl)",
                  "err": {},
                  "uuid": "23898dde-06f7-4d8a-8428-9b7b14d673b5",
                  "parentUUID": "8eb833c1-ea96-4b26-985a-0898bd39f551",
                  "isHook": false,
                  "skipped": false
                },
                {
                  "title": "check that page is loaded",
                  "fullTitle": "Login page invalid tests Submit empty login form check that page is loaded",
                  "timedOut": false,
                  "duration": 15,
                  "state": "passed",
                  "speed": "fast",
                  "pass": true,
                  "fail": false,
                  "pending": false,
                  "context": null,
                  "code": "await functions.waitForText(page, 'body', 'Login')",
                  "err": {},
                  "uuid": "26b41705-f761-494a-b95a-fa54c896f0fc",
                  "parentUUID": "8eb833c1-ea96-4b26-985a-0898bd39f551",
                  "isHook": false,
                  "skipped": false
                },
                {
                  "title": "submit empty login form",
                  "fullTitle": "Login page invalid tests Submit empty login form submit empty login form",
                  "timedOut": false,
                  "duration": 202,
                  "state": "passed",
                  "speed": "slow",
                  "pass": true,
                  "fail": false,
                  "pending": false,
                  "context": null,
                  "code": "await functions.click(page, loginPageLocator.loginBtn)",
                  "err": {},
                  "uuid": "c37bfed5-df18-44ad-80a5-90d754f63eca",
                  "parentUUID": "8eb833c1-ea96-4b26-985a-0898bd39f551",
                  "isHook": false,
                  "skipped": false
                },
                {
                  "title": "check that error is shown",
                  "fullTitle": "Login page invalid tests Submit empty login form check that error is shown",
                  "timedOut": false,
                  "duration": 120,
                  "state": "passed",
                  "speed": "slow",
                  "pass": true,
                  "fail": false,
                  "pending": false,
                  "context": null,
                  "code": "await functions.shouldExist(page, loginPageLocator.helpText)",
                  "err": {},
                  "uuid": "e1fae5c5-46cb-470f-b0df-661ba976142e",
                  "parentUUID": "8eb833c1-ea96-4b26-985a-0898bd39f551",
                  "isHook": false,
                  "skipped": false
                }
              ],
              "suites": [],
              "passes": [
                "23898dde-06f7-4d8a-8428-9b7b14d673b5",
                "26b41705-f761-494a-b95a-fa54c896f0fc",
                "c37bfed5-df18-44ad-80a5-90d754f63eca",
                "e1fae5c5-46cb-470f-b0df-661ba976142e"
              ],
              "failures": [],
              "pending": [],
              "skipped": [],
              "duration": 3106,
              "root": false,
              "rootEmpty": false,
              "_timeout": 30000
            },
            {
              "uuid": "1d4799b5-6c06-4a58-b20a-8f75480a1d74",
              "title": "Try to log in with invalid credentials",
              "fullFile": "C:\\hub-tests\\tests\\loginForm.spec.js",
              "file": "\\tests\\loginForm.spec.js",
              "beforeHooks": [],
              "afterHooks": [],
              "tests": [
                {
                  "title": "Fill in email input",
                  "fullTitle": "Login page invalid tests Try to log in with invalid credentials Fill in email input",
                  "timedOut": false,
                  "duration": 105,
                  "state": "passed",
                  "speed": "slow",
                  "pass": true,
                  "fail": false,
                  "pending": false,
                  "context": null,
                  "code": "await functions.typeText(page, loginPageLocator.emailInput, utils.generateEmail())",
                  "err": {},
                  "uuid": "b4c5b7d5-d4df-4c43-9f9f-feb3a44b7dd3",
                  "parentUUID": "1d4799b5-6c06-4a58-b20a-8f75480a1d74",
                  "isHook": false,
                  "skipped": false
                },
                {
                  "title": "fill in password input",
                  "fullTitle": "Login page invalid tests Try to log in with invalid credentials fill in password input",
                  "timedOut": false,
                  "duration": 33,
                  "state": "passed",
                  "speed": "fast",
                  "pass": true,
                  "fail": false,
                  "pending": false,
                  "context": null,
                  "code": "await functions.typeText(page, loginPageLocator.passwordInput, utils.generateID(5))",
                  "err": {},
                  "uuid": "f68277cb-8008-45ef-ae29-1cae4d48d990",
                  "parentUUID": "1d4799b5-6c06-4a58-b20a-8f75480a1d74",
                  "isHook": false,
                  "skipped": false
                },
                {
                  "title": "submit form",
                  "fullTitle": "Login page invalid tests Try to log in with invalid credentials submit form",
                  "timedOut": false,
                  "duration": 207,
                  "state": "passed",
                  "speed": "slow",
                  "pass": true,
                  "fail": false,
                  "pending": false,
                  "context": null,
                  "code": "await functions.click(page, loginPageLocator.loginBtn)",
                  "err": {},
                  "uuid": "5355d520-4c04-44ed-bcc3-d1cf995980f7",
                  "parentUUID": "1d4799b5-6c06-4a58-b20a-8f75480a1d74",
                  "isHook": false,
                  "skipped": false
                },
                {
                  "title": "check that error is shown",
                  "fullTitle": "Login page invalid tests Try to log in with invalid credentials check that error is shown",
                  "timedOut": false,
                  "duration": 86,
                  "state": "passed",
                  "speed": "slow",
                  "pass": true,
                  "fail": false,
                  "pending": false,
                  "context": null,
                  "code": "await functions.shouldExist(page, loginPageLocator.helpText)",
                  "err": {},
                  "uuid": "2af68425-697d-4856-9c10-cc28b1d455c7",
                  "parentUUID": "1d4799b5-6c06-4a58-b20a-8f75480a1d74",
                  "isHook": false,
                  "skipped": false
                }
              ],
              "suites": [],
              "passes": [
                "b4c5b7d5-d4df-4c43-9f9f-feb3a44b7dd3",
                "f68277cb-8008-45ef-ae29-1cae4d48d990",
                "5355d520-4c04-44ed-bcc3-d1cf995980f7",
                "2af68425-697d-4856-9c10-cc28b1d455c7"
              ],
              "failures": [],
              "pending": [],
              "skipped": [],
              "duration": 431,
              "root": false,
              "rootEmpty": false,
              "_timeout": 30000
            }
          ],
          "passes": [],
          "failures": [],
          "pending": [],
          "skipped": [],
          "duration": 0,
          "root": false,
          "rootEmpty": false,
          "_timeout": 30000
        },
        {
          "uuid": "187ebfc1-8b1d-4271-90b4-2ead0e9af0c9",
          "title": "Forgot password tests",
          "fullFile": "C:\\hub-tests\\tests\\loginForm.spec.js",
          "file": "\\tests\\loginForm.spec.js",
          "beforeHooks": [],
          "afterHooks": [],
          "tests": [
            {
              "title": "go to login page",
              "fullTitle": "Forgot password tests go to login page",
              "timedOut": false,
              "duration": 1125,
              "state": "passed",
              "speed": "slow",
              "pass": true,
              "fail": false,
              "pending": false,
              "context": null,
              "code": "await functions.loadUrl(page, config.baseURl)",
              "err": {},
              "uuid": "759ae1e9-cf90-4161-be63-7bff6b9e5a01",
              "parentUUID": "187ebfc1-8b1d-4271-90b4-2ead0e9af0c9",
              "isHook": false,
              "skipped": false
            },
            {
              "title": "Click on the \"Forgot password\" link",
              "fullTitle": "Forgot password tests Click on the \"Forgot password\" link",
              "timedOut": false,
              "duration": 116,
              "state": "passed",
              "speed": "slow",
              "pass": true,
              "fail": false,
              "pending": false,
              "context": null,
              "code": "await functions.click(page, loginPageLocator.forgotPassword)",
              "err": {},
              "uuid": "ea2ccb75-6af5-4e62-8860-a59f3b5d99af",
              "parentUUID": "187ebfc1-8b1d-4271-90b4-2ead0e9af0c9",
              "isHook": false,
              "skipped": false
            },
            {
              "title": "check that user is redirected to reset password page",
              "fullTitle": "Forgot password tests check that user is redirected to reset password page",
              "timedOut": false,
              "duration": 2,
              "state": "passed",
              "speed": "fast",
              "pass": true,
              "fail": false,
              "pending": false,
              "context": null,
              "code": "const url = await page.url()\nexpect(url).to.contain('https://hub-staging.clockwise.software/password/reset')",
              "err": {},
              "uuid": "0c15672d-92e5-4e39-ab4a-c4c17b914a35",
              "parentUUID": "187ebfc1-8b1d-4271-90b4-2ead0e9af0c9",
              "isHook": false,
              "skipped": false
            },
            {
              "title": "fill in email input",
              "fullTitle": "Forgot password tests fill in email input",
              "timedOut": false,
              "duration": 148,
              "state": "passed",
              "speed": "slow",
              "pass": true,
              "fail": false,
              "pending": false,
              "context": null,
              "code": "await functions.typeText(page, loginPageLocator.emailInput, 'admin@gmail.com')",
              "err": {},
              "uuid": "66b4a866-7d6b-4dc3-bc05-8504c1387691",
              "parentUUID": "187ebfc1-8b1d-4271-90b4-2ead0e9af0c9",
              "isHook": false,
              "skipped": false
            },
            {
              "title": "submit password reset",
              "fullTitle": "Forgot password tests submit password reset",
              "timedOut": false,
              "duration": 2436,
              "state": "passed",
              "speed": "slow",
              "pass": true,
              "fail": false,
              "pending": false,
              "context": null,
              "code": "await functions.click(page, loginPageLocator.loginBtn)",
              "err": {},
              "uuid": "e616c385-2734-48ad-96d4-e214c9f014ef",
              "parentUUID": "187ebfc1-8b1d-4271-90b4-2ead0e9af0c9",
              "isHook": false,
              "skipped": false
            },
            {
              "title": "check success alert",
              "fullTitle": "Forgot password tests check success alert",
              "timedOut": false,
              "duration": 82,
              "state": "passed",
              "speed": "slow",
              "pass": true,
              "fail": false,
              "pending": false,
              "context": null,
              "code": "await functions.shouldExist(page, loginPageLocator.alertSucces)",
              "err": {},
              "uuid": "a28ecb5a-27fc-4037-bf58-2be8b352f55e",
              "parentUUID": "187ebfc1-8b1d-4271-90b4-2ead0e9af0c9",
              "isHook": false,
              "skipped": false
            },
            {
              "title": "go back to login page",
              "fullTitle": "Forgot password tests go back to login page",
              "timedOut": false,
              "duration": 101,
              "state": "passed",
              "speed": "slow",
              "pass": true,
              "fail": false,
              "pending": false,
              "context": null,
              "code": "await functions.click(page, loginPageLocator.loginBackBtn)",
              "err": {},
              "uuid": "5edd3e68-659c-4eb7-94f7-1ece9c57b74c",
              "parentUUID": "187ebfc1-8b1d-4271-90b4-2ead0e9af0c9",
              "isHook": false,
              "skipped": false
            },
            {
              "title": "check that user is on login page",
              "fullTitle": "Forgot password tests check that user is on login page",
              "timedOut": false,
              "duration": 87,
              "state": "passed",
              "speed": "slow",
              "pass": true,
              "fail": false,
              "pending": false,
              "context": null,
              "code": "await functions.shouldExist(page, loginPageLocator.passwordInput)",
              "err": {},
              "uuid": "43fb438b-3072-4359-812c-2b2264c9d10c",
              "parentUUID": "187ebfc1-8b1d-4271-90b4-2ead0e9af0c9",
              "isHook": false,
              "skipped": false
            },
            {
              "title": "check url path",
              "fullTitle": "Forgot password tests check url path",
              "timedOut": false,
              "duration": 0,
              "state": "passed",
              "speed": "fast",
              "pass": true,
              "fail": false,
              "pending": false,
              "context": null,
              "code": "const url = await page.url()\nexpect(url).to.contain('https://hub-staging.clockwise.software/login')",
              "err": {},
              "uuid": "e7a5b86f-69c1-408d-8089-143d03f87aad",
              "parentUUID": "187ebfc1-8b1d-4271-90b4-2ead0e9af0c9",
              "isHook": false,
              "skipped": false
            }
          ],
          "suites": [],
          "passes": [
            "759ae1e9-cf90-4161-be63-7bff6b9e5a01",
            "ea2ccb75-6af5-4e62-8860-a59f3b5d99af",
            "0c15672d-92e5-4e39-ab4a-c4c17b914a35",
            "66b4a866-7d6b-4dc3-bc05-8504c1387691",
            "e616c385-2734-48ad-96d4-e214c9f014ef",
            "a28ecb5a-27fc-4037-bf58-2be8b352f55e",
            "5edd3e68-659c-4eb7-94f7-1ece9c57b74c",
            "43fb438b-3072-4359-812c-2b2264c9d10c",
            "e7a5b86f-69c1-408d-8089-143d03f87aad"
          ],
          "failures": [],
          "pending": [],
          "skipped": [],
          "duration": 4097,
          "root": false,
          "rootEmpty": false,
          "_timeout": 30000
        },
        {
          "uuid": "83a4db67-8c37-4516-95f0-c4f718457286",
          "title": "Log in with valid credentials",
          "fullFile": "C:\\hub-tests\\tests\\loginForm.spec.js",
          "file": "\\tests\\loginForm.spec.js",
          "beforeHooks": [],
          "afterHooks": [],
          "tests": [
            {
              "title": "load login page",
              "fullTitle": "Log in with valid credentials load login page",
              "timedOut": false,
              "duration": 860,
              "state": "passed",
              "speed": "slow",
              "pass": true,
              "fail": false,
              "pending": false,
              "context": null,
              "code": "await functions.loadUrl(page, config.baseURl)",
              "err": {},
              "uuid": "893e7121-0910-4db6-a841-40d0b9dc43a6",
              "parentUUID": "83a4db67-8c37-4516-95f0-c4f718457286",
              "isHook": false,
              "skipped": false
            },
            {
              "title": "check page title",
              "fullTitle": "Log in with valid credentials check page title",
              "timedOut": false,
              "duration": 6,
              "state": "passed",
              "speed": "fast",
              "pass": true,
              "fail": false,
              "pending": false,
              "context": null,
              "code": "const title = await page.title()\nexpect(title).to.contains('Clockwise Hub')",
              "err": {},
              "uuid": "abfa9541-1b71-47f3-b1e1-fe0ae23486f2",
              "parentUUID": "83a4db67-8c37-4516-95f0-c4f718457286",
              "isHook": false,
              "skipped": false
            },
            {
              "title": "click on \"Remember me\" checkbox",
              "fullTitle": "Log in with valid credentials click on \"Remember me\" checkbox",
              "timedOut": false,
              "duration": 76,
              "state": "passed",
              "speed": "slow",
              "pass": true,
              "fail": false,
              "pending": false,
              "context": null,
              "code": "await functions.click(page, loginPageLocator.checkbox)",
              "err": {},
              "uuid": "25232b17-515d-4d2a-bfe8-7fe835ec0ce1",
              "parentUUID": "83a4db67-8c37-4516-95f0-c4f718457286",
              "isHook": false,
              "skipped": false
            },
            {
              "title": "check that checkbox is checked",
              "fullTitle": "Log in with valid credentials check that checkbox is checked",
              "timedOut": false,
              "duration": 2,
              "state": "passed",
              "speed": "fast",
              "pass": true,
              "fail": false,
              "pending": false,
              "context": null,
              "code": "const onCheckbox = await page.evaluate(() => {\n  return document.querySelector('input[type=\"checkbox\"]').checked\n})\nexpect(onCheckbox).to.equal(true)",
              "err": {},
              "uuid": "7a1666af-c25f-4f22-8c38-7a0f76c8f988",
              "parentUUID": "83a4db67-8c37-4516-95f0-c4f718457286",
              "isHook": false,
              "skipped": false
            },
            {
              "title": "fill in email input with valid data",
              "fullTitle": "Log in with valid credentials fill in email input with valid data",
              "timedOut": false,
              "duration": 83,
              "state": "passed",
              "speed": "slow",
              "pass": true,
              "fail": false,
              "pending": false,
              "context": null,
              "code": "await functions.typeText(page, loginPageLocator.emailInput, 'admin@gmail.com')",
              "err": {},
              "uuid": "2b607df0-33f5-426c-b4a4-289c260d6c22",
              "parentUUID": "83a4db67-8c37-4516-95f0-c4f718457286",
              "isHook": false,
              "skipped": false
            },
            {
              "title": "fill in password input with valid data",
              "fullTitle": "Log in with valid credentials fill in password input with valid data",
              "timedOut": false,
              "duration": 33,
              "state": "passed",
              "speed": "fast",
              "pass": true,
              "fail": false,
              "pending": false,
              "context": null,
              "code": "await functions.typeText(page, loginPageLocator.passwordInput, 'admin')",
              "err": {},
              "uuid": "8e40c1a8-ec79-464d-82eb-4f0ca42755e6",
              "parentUUID": "83a4db67-8c37-4516-95f0-c4f718457286",
              "isHook": false,
              "skipped": false
            },
            {
              "title": "submit login form",
              "fullTitle": "Log in with valid credentials submit login form",
              "timedOut": false,
              "duration": 1086,
              "state": "passed",
              "speed": "slow",
              "pass": true,
              "fail": false,
              "pending": false,
              "context": null,
              "code": "await functions.click(page, loginPageLocator.loginBtn)",
              "err": {},
              "uuid": "caf26173-f231-4baf-9af2-9fc21487fe28",
              "parentUUID": "83a4db67-8c37-4516-95f0-c4f718457286",
              "isHook": false,
              "skipped": false
            },
            {
              "title": "check that dashboard is loaded",
              "fullTitle": "Log in with valid credentials check that dashboard is loaded",
              "timedOut": false,
              "duration": 204,
              "state": "passed",
              "speed": "slow",
              "pass": true,
              "fail": false,
              "pending": false,
              "context": null,
              "code": "await functions.shouldExist(page, homePageLocator.nearestEventsBlock)",
              "err": {},
              "uuid": "de7d0dc2-8d69-475e-af81-6a4c7747b0b5",
              "parentUUID": "83a4db67-8c37-4516-95f0-c4f718457286",
              "isHook": false,
              "skipped": false
            },
            {
              "title": "check url path for home page",
              "fullTitle": "Log in with valid credentials check url path for home page",
              "timedOut": false,
              "duration": 0,
              "state": "passed",
              "speed": "fast",
              "pass": true,
              "fail": false,
              "pending": false,
              "context": null,
              "code": "const url = await page.url()\nexpect(url).to.contain('https://hub-staging.clockwise.software/home')",
              "err": {},
              "uuid": "1a32bfb7-9074-4f82-9645-f7b8b8cf9089",
              "parentUUID": "83a4db67-8c37-4516-95f0-c4f718457286",
              "isHook": false,
              "skipped": false
            }
          ],
          "suites": [],
          "passes": [
            "893e7121-0910-4db6-a841-40d0b9dc43a6",
            "abfa9541-1b71-47f3-b1e1-fe0ae23486f2",
            "25232b17-515d-4d2a-bfe8-7fe835ec0ce1",
            "7a1666af-c25f-4f22-8c38-7a0f76c8f988",
            "2b607df0-33f5-426c-b4a4-289c260d6c22",
            "8e40c1a8-ec79-464d-82eb-4f0ca42755e6",
            "caf26173-f231-4baf-9af2-9fc21487fe28",
            "de7d0dc2-8d69-475e-af81-6a4c7747b0b5",
            "1a32bfb7-9074-4f82-9645-f7b8b8cf9089"
          ],
          "failures": [],
          "pending": [],
          "skipped": [],
          "duration": 2350,
          "root": false,
          "rootEmpty": false,
          "_timeout": 30000
        },
        {
          "uuid": "e4981b79-4645-4802-b6f2-2c46d85edd60",
          "title": "Negative tests for Rate page",
          "fullFile": "C:\\hub-tests\\tests\\rate.spec.js",
          "file": "\\tests\\rate.spec.js",
          "beforeHooks": [],
          "afterHooks": [],
          "tests": [
            {
              "title": "load login page",
              "fullTitle": "Negative tests for Rate page load login page",
              "timedOut": false,
              "duration": 2775,
              "state": "passed",
              "speed": "slow",
              "pass": true,
              "fail": false,
              "pending": false,
              "context": null,
              "code": "await functions.loadUrl(page, config.baseURl)",
              "err": {},
              "uuid": "fb5f9303-7977-482f-8b7c-0f2aa6d4514a",
              "parentUUID": "e4981b79-4645-4802-b6f2-2c46d85edd60",
              "isHook": false,
              "skipped": false
            },
            {
              "title": "fill in email input",
              "fullTitle": "Negative tests for Rate page fill in email input",
              "timedOut": false,
              "duration": 98,
              "state": "passed",
              "speed": "slow",
              "pass": true,
              "fail": false,
              "pending": false,
              "context": null,
              "code": "await functions.typeText(page, loginPage.emailInput, 'admin@gmail.com')",
              "err": {},
              "uuid": "3098f509-6c62-49bf-a7a8-674827a922d5",
              "parentUUID": "e4981b79-4645-4802-b6f2-2c46d85edd60",
              "isHook": false,
              "skipped": false
            },
            {
              "title": "fill in password input",
              "fullTitle": "Negative tests for Rate page fill in password input",
              "timedOut": false,
              "duration": 47,
              "state": "passed",
              "speed": "medium",
              "pass": true,
              "fail": false,
              "pending": false,
              "context": null,
              "code": "await functions.typeText(page, loginPage.passwordInput, 'admin')",
              "err": {},
              "uuid": "c4c4308f-d2ed-49d7-8149-45b7cdd7b5ca",
              "parentUUID": "e4981b79-4645-4802-b6f2-2c46d85edd60",
              "isHook": false,
              "skipped": false
            },
            {
              "title": "submit login form",
              "fullTitle": "Negative tests for Rate page submit login form",
              "timedOut": false,
              "duration": 1111,
              "state": "passed",
              "speed": "slow",
              "pass": true,
              "fail": false,
              "pending": false,
              "context": null,
              "code": "await functions.click(page, loginPage.loginBtn)",
              "err": {},
              "uuid": "af3512c7-cfdf-4466-b153-b324096446db",
              "parentUUID": "e4981b79-4645-4802-b6f2-2c46d85edd60",
              "isHook": false,
              "skipped": false
            },
            {
              "title": "check that dashboard is visible",
              "fullTitle": "Negative tests for Rate page check that dashboard is visible",
              "timedOut": false,
              "duration": 188,
              "state": "passed",
              "speed": "slow",
              "pass": true,
              "fail": false,
              "pending": false,
              "context": null,
              "code": "await functions.shouldExist(page, homePage.nearestEventsBlock, true)",
              "err": {},
              "uuid": "9eb4b15b-9412-47d2-8287-3056153325d3",
              "parentUUID": "e4981b79-4645-4802-b6f2-2c46d85edd60",
              "isHook": false,
              "skipped": false
            },
            {
              "title": "go to Rate page",
              "fullTitle": "Negative tests for Rate page go to Rate page",
              "timedOut": false,
              "duration": 141,
              "state": "passed",
              "speed": "slow",
              "pass": true,
              "fail": false,
              "pending": false,
              "context": null,
              "code": "await functions.click(page, homePage.rateNavLink)",
              "err": {},
              "uuid": "bdc8d5c6-0673-4231-a998-5c938ea4ed76",
              "parentUUID": "e4981b79-4645-4802-b6f2-2c46d85edd60",
              "isHook": false,
              "skipped": false
            },
            {
              "title": "check that Rate page is loaded",
              "fullTitle": "Negative tests for Rate page check that Rate page is loaded",
              "timedOut": false,
              "duration": 258,
              "state": "passed",
              "speed": "slow",
              "pass": true,
              "fail": false,
              "pending": false,
              "context": null,
              "code": "await functions.shouldExist(page, ratePage.pointsPannelHeading, true)\nawait functions.shouldExist(page, ratePage.usersTabContent, true)",
              "err": {},
              "uuid": "fa97d2cb-889c-4481-9c6c-4557e07443c2",
              "parentUUID": "e4981b79-4645-4802-b6f2-2c46d85edd60",
              "isHook": false,
              "skipped": false
            },
            {
              "title": "check that logged in user doesnt see himself name in rate table",
              "fullTitle": "Negative tests for Rate page check that logged in user doesnt see himself name in rate table",
              "timedOut": false,
              "duration": 2,
              "state": "passed",
              "speed": "fast",
              "pass": true,
              "fail": false,
              "pending": false,
              "context": null,
              "code": "var innerUsersText = await page.evaluate((selector) => {\n    return document.querySelector(selector).innerText\n}, ratePage.usersTabContent)\nexpect(innerUsersText).to.not.contains('Admin')",
              "err": {},
              "uuid": "733e8183-bc12-4946-b8ab-9a76bc48dd7b",
              "parentUUID": "e4981b79-4645-4802-b6f2-2c46d85edd60",
              "isHook": false,
              "skipped": false
            },
            {
              "title": "click on UpVote icon in users table",
              "fullTitle": "Negative tests for Rate page click on UpVote icon in users table",
              "timedOut": false,
              "duration": 74,
              "state": "passed",
              "speed": "medium",
              "pass": true,
              "fail": false,
              "pending": false,
              "context": null,
              "code": "await functions.click(page, ratePage.upVoteBtn)",
              "err": {},
              "uuid": "34c1a407-ff5c-41bf-ad79-2a6dbf6df4ff",
              "parentUUID": "e4981b79-4645-4802-b6f2-2c46d85edd60",
              "isHook": false,
              "skipped": false
            },
            {
              "title": "wait for feedback form appearence",
              "fullTitle": "Negative tests for Rate page wait for feedback form appearence",
              "timedOut": false,
              "duration": 300,
              "state": "passed",
              "speed": "slow",
              "pass": true,
              "fail": false,
              "pending": false,
              "context": null,
              "code": "await page.waitFor(300)",
              "err": {},
              "uuid": "23d87635-b8c3-40f9-bb7f-e264ebe51c09",
              "parentUUID": "e4981b79-4645-4802-b6f2-2c46d85edd60",
              "isHook": false,
              "skipped": false
            },
            {
              "title": "submit empty feedback form",
              "fullTitle": "Negative tests for Rate page submit empty feedback form",
              "timedOut": false,
              "duration": 76,
              "state": "passed",
              "speed": "slow",
              "pass": true,
              "fail": false,
              "pending": false,
              "context": null,
              "code": "await functions.click(page, ratePage.voteBtn)",
              "err": {},
              "uuid": "e90689e6-5524-41e6-9dd0-9b929e7be5df",
              "parentUUID": "e4981b79-4645-4802-b6f2-2c46d85edd60",
              "isHook": false,
              "skipped": false
            },
            {
              "title": "check that feedback form is still opened",
              "fullTitle": "Negative tests for Rate page check that feedback form is still opened",
              "timedOut": false,
              "duration": 9,
              "state": "passed",
              "speed": "fast",
              "pass": true,
              "fail": false,
              "pending": false,
              "context": null,
              "code": "await functions.shouldExist(page, ratePage.modalForm, true)",
              "err": {},
              "uuid": "accceba8-4964-4760-9b0a-5ad08fb41eb0",
              "parentUUID": "e4981b79-4645-4802-b6f2-2c46d85edd60",
              "isHook": false,
              "skipped": false
            },
            {
              "title": "cancel voting for closing form",
              "fullTitle": "Negative tests for Rate page cancel voting for closing form",
              "timedOut": false,
              "duration": 56,
              "state": "passed",
              "speed": "medium",
              "pass": true,
              "fail": false,
              "pending": false,
              "context": null,
              "code": "await functions.click(page, ratePage.cancelBtn)",
              "err": {},
              "uuid": "5b727c0a-3d7d-4547-aefd-a61f63f32e33",
              "parentUUID": "e4981b79-4645-4802-b6f2-2c46d85edd60",
              "isHook": false,
              "skipped": false
            },
            {
              "title": "check that form is invisible",
              "fullTitle": "Negative tests for Rate page check that form is invisible",
              "timedOut": false,
              "duration": 9,
              "state": "passed",
              "speed": "fast",
              "pass": true,
              "fail": false,
              "pending": false,
              "context": null,
              "code": "await functions.shouldExist(page, ratePage.modalForm, false)",
              "err": {},
              "uuid": "10dbe04c-e224-4a55-9dd2-78add7792437",
              "parentUUID": "e4981b79-4645-4802-b6f2-2c46d85edd60",
              "isHook": false,
              "skipped": false
            },
            {
              "title": "reload page",
              "fullTitle": "Negative tests for Rate page reload page",
              "timedOut": false,
              "duration": 372,
              "state": "passed",
              "speed": "slow",
              "pass": true,
              "fail": false,
              "pending": false,
              "context": null,
              "code": "await page.reload()",
              "err": {},
              "uuid": "287c20f7-2055-48c2-bb99-49e55ca3cf7a",
              "parentUUID": "e4981b79-4645-4802-b6f2-2c46d85edd60",
              "isHook": false,
              "skipped": false
            },
            {
              "title": "click on UpVote icon in users table",
              "fullTitle": "Negative tests for Rate page click on UpVote icon in users table",
              "timedOut": false,
              "duration": 44,
              "state": "passed",
              "speed": "medium",
              "pass": true,
              "fail": false,
              "pending": false,
              "context": null,
              "code": "await functions.click(page, ratePage.upVoteBtn)",
              "err": {},
              "uuid": "645f03eb-7a0d-43c6-a5bd-e85e743a7dc6",
              "parentUUID": "e4981b79-4645-4802-b6f2-2c46d85edd60",
              "isHook": false,
              "skipped": false
            },
            {
              "title": "wait for feedback form appearence",
              "fullTitle": "Negative tests for Rate page wait for feedback form appearence",
              "timedOut": false,
              "duration": 300,
              "state": "passed",
              "speed": "slow",
              "pass": true,
              "fail": false,
              "pending": false,
              "context": null,
              "code": "await page.waitFor(300)",
              "err": {},
              "uuid": "79b8a7b7-2228-4d88-8205-fc7b2cdc4dce",
              "parentUUID": "e4981b79-4645-4802-b6f2-2c46d85edd60",
              "isHook": false,
              "skipped": false
            },
            {
              "title": "type reason shorter than 3 symbols",
              "fullTitle": "Negative tests for Rate page type reason shorter than 3 symbols",
              "timedOut": false,
              "duration": 26,
              "state": "passed",
              "speed": "fast",
              "pass": true,
              "fail": false,
              "pending": false,
              "context": null,
              "code": "await functions.typeText(page, ratePage.reasonTextarea, '+')",
              "err": {},
              "uuid": "2023b6fb-54d6-4a77-b5d6-34ae39235644",
              "parentUUID": "e4981b79-4645-4802-b6f2-2c46d85edd60",
              "isHook": false,
              "skipped": false
            },
            {
              "title": "submit vote",
              "fullTitle": "Negative tests for Rate page submit vote",
              "timedOut": false,
              "duration": 241,
              "state": "passed",
              "speed": "slow",
              "pass": true,
              "fail": false,
              "pending": false,
              "context": null,
              "code": "await functions.click(page, ratePage.voteBtn)",
              "err": {},
              "uuid": "5792887e-727d-45d6-92e3-69063b3b4f78",
              "parentUUID": "e4981b79-4645-4802-b6f2-2c46d85edd60",
              "isHook": false,
              "skipped": false
            },
            {
              "title": "wait while submiting is ended",
              "fullTitle": "Negative tests for Rate page wait while submiting is ended",
              "timedOut": false,
              "duration": 300,
              "state": "passed",
              "speed": "slow",
              "pass": true,
              "fail": false,
              "pending": false,
              "context": null,
              "code": "await page.waitFor(300)",
              "err": {},
              "uuid": "df887711-fb71-41bf-8c23-51d9c14d4bbd",
              "parentUUID": "e4981b79-4645-4802-b6f2-2c46d85edd60",
              "isHook": false,
              "skipped": false
            },
            {
              "title": "check error alert",
              "fullTitle": "Negative tests for Rate page check error alert",
              "timedOut": false,
              "duration": 4,
              "state": "passed",
              "speed": "fast",
              "pass": true,
              "fail": false,
              "pending": false,
              "context": null,
              "code": "var alertEl = await page.$(ratePage.alertError)\nvar text = await page.evaluate(el => el.textContent, alertEl)\nexpect(text).to.contain('The reason must be at least 3 characters.')",
              "err": {},
              "uuid": "e5ed9b6e-d95b-4b1b-9fbd-ba2e3963d4db",
              "parentUUID": "e4981b79-4645-4802-b6f2-2c46d85edd60",
              "isHook": false,
              "skipped": false
            }
          ],
          "suites": [],
          "passes": [
            "fb5f9303-7977-482f-8b7c-0f2aa6d4514a",
            "3098f509-6c62-49bf-a7a8-674827a922d5",
            "c4c4308f-d2ed-49d7-8149-45b7cdd7b5ca",
            "af3512c7-cfdf-4466-b153-b324096446db",
            "9eb4b15b-9412-47d2-8287-3056153325d3",
            "bdc8d5c6-0673-4231-a998-5c938ea4ed76",
            "fa97d2cb-889c-4481-9c6c-4557e07443c2",
            "733e8183-bc12-4946-b8ab-9a76bc48dd7b",
            "34c1a407-ff5c-41bf-ad79-2a6dbf6df4ff",
            "23d87635-b8c3-40f9-bb7f-e264ebe51c09",
            "e90689e6-5524-41e6-9dd0-9b929e7be5df",
            "accceba8-4964-4760-9b0a-5ad08fb41eb0",
            "5b727c0a-3d7d-4547-aefd-a61f63f32e33",
            "10dbe04c-e224-4a55-9dd2-78add7792437",
            "287c20f7-2055-48c2-bb99-49e55ca3cf7a",
            "645f03eb-7a0d-43c6-a5bd-e85e743a7dc6",
            "79b8a7b7-2228-4d88-8205-fc7b2cdc4dce",
            "2023b6fb-54d6-4a77-b5d6-34ae39235644",
            "5792887e-727d-45d6-92e3-69063b3b4f78",
            "df887711-fb71-41bf-8c23-51d9c14d4bbd",
            "e5ed9b6e-d95b-4b1b-9fbd-ba2e3963d4db"
          ],
          "failures": [],
          "pending": [],
          "skipped": [],
          "duration": 6431,
          "root": false,
          "rootEmpty": false,
          "_timeout": 30000
        },
        {
          "uuid": "1fdc4037-0306-4c7a-92ce-1978a64db07a",
          "title": "Positive tests for Rate page",
          "fullFile": "C:\\hub-tests\\tests\\rate.spec.js",
          "file": "\\tests\\rate.spec.js",
          "beforeHooks": [],
          "afterHooks": [],
          "tests": [
            {
              "title": "reload Rate page",
              "fullTitle": "Positive tests for Rate page reload Rate page",
              "timedOut": false,
              "duration": 268,
              "state": "passed",
              "speed": "slow",
              "pass": true,
              "fail": false,
              "pending": false,
              "context": null,
              "code": "await page.reload()",
              "err": {},
              "uuid": "818ef135-9d85-49c3-9631-3b21089e12dc",
              "parentUUID": "1fdc4037-0306-4c7a-92ce-1978a64db07a",
              "isHook": false,
              "skipped": false
            },
            {
              "title": "click on UpVote icon in users table",
              "fullTitle": "Positive tests for Rate page click on UpVote icon in users table",
              "timedOut": false,
              "duration": 47,
              "state": "passed",
              "speed": "medium",
              "pass": true,
              "fail": false,
              "pending": false,
              "context": null,
              "code": "await functions.click(page, ratePage.upVoteBtn)",
              "err": {},
              "uuid": "6f342bf9-d2a0-4186-ab1e-eab9411c0383",
              "parentUUID": "1fdc4037-0306-4c7a-92ce-1978a64db07a",
              "isHook": false,
              "skipped": false
            },
            {
              "title": "wait for feedback form appearence",
              "fullTitle": "Positive tests for Rate page wait for feedback form appearence",
              "timedOut": false,
              "duration": 301,
              "state": "passed",
              "speed": "slow",
              "pass": true,
              "fail": false,
              "pending": false,
              "context": null,
              "code": "await page.waitFor(300)",
              "err": {},
              "uuid": "1a28363d-9bb0-4c53-ac77-2a45c99a0269",
              "parentUUID": "1fdc4037-0306-4c7a-92ce-1978a64db07a",
              "isHook": false,
              "skipped": false
            },
            {
              "title": "fill in feedback form with valid reason",
              "fullTitle": "Positive tests for Rate page fill in feedback form with valid reason",
              "timedOut": false,
              "duration": 47,
              "state": "passed",
              "speed": "medium",
              "pass": true,
              "fail": false,
              "pending": false,
              "context": null,
              "code": "await functions.typeText(page, ratePage.reasonTextarea, 'test')",
              "err": {},
              "uuid": "1e324ae7-a629-4803-a69f-a9a95a5d7488",
              "parentUUID": "1fdc4037-0306-4c7a-92ce-1978a64db07a",
              "isHook": false,
              "skipped": false
            },
            {
              "title": "submit feedback",
              "fullTitle": "Positive tests for Rate page submit feedback",
              "timedOut": false,
              "duration": 241,
              "state": "passed",
              "speed": "slow",
              "pass": true,
              "fail": false,
              "pending": false,
              "context": null,
              "code": "await functions.click(page, ratePage.voteBtn)",
              "err": {},
              "uuid": "f4742d20-09b3-4c55-bf08-7e44cc3b8bd3",
              "parentUUID": "1fdc4037-0306-4c7a-92ce-1978a64db07a",
              "isHook": false,
              "skipped": false
            },
            {
              "title": "wait while submiting is ended",
              "fullTitle": "Positive tests for Rate page wait while submiting is ended",
              "timedOut": false,
              "duration": 302,
              "state": "passed",
              "speed": "slow",
              "pass": true,
              "fail": false,
              "pending": false,
              "context": null,
              "code": "await page.waitFor(300)",
              "err": {},
              "uuid": "7e470658-4ca7-4e0c-9d83-9a79aafe259f",
              "parentUUID": "1fdc4037-0306-4c7a-92ce-1978a64db07a",
              "isHook": false,
              "skipped": false
            },
            {
              "title": "check success alert",
              "fullTitle": "Positive tests for Rate page check success alert",
              "timedOut": false,
              "duration": 4,
              "state": "passed",
              "speed": "fast",
              "pass": true,
              "fail": false,
              "pending": false,
              "context": null,
              "code": "var alert = await page.$(ratePage.alertSuccess)\nvar text = await page.evaluate(el => el.textContent, alert)\nexpect(text).to.contain('You voted successfully!')",
              "err": {},
              "uuid": "9739f8a2-bb56-4eb2-94c1-53877daed091",
              "parentUUID": "1fdc4037-0306-4c7a-92ce-1978a64db07a",
              "isHook": false,
              "skipped": false
            },
            {
              "title": "unvote voted user for clearing test env",
              "fullTitle": "Positive tests for Rate page unvote voted user for clearing test env",
              "timedOut": false,
              "duration": 234,
              "state": "passed",
              "speed": "slow",
              "pass": true,
              "fail": false,
              "pending": false,
              "context": null,
              "code": "await functions.click(page, ratePage.downVoteBtn)",
              "err": {},
              "uuid": "bb12dd42-a038-4574-b60f-dcf8b2b71b27",
              "parentUUID": "1fdc4037-0306-4c7a-92ce-1978a64db07a",
              "isHook": false,
              "skipped": false
            },
            {
              "title": "check success alert",
              "fullTitle": "Positive tests for Rate page check success alert",
              "timedOut": false,
              "duration": 51,
              "state": "passed",
              "speed": "medium",
              "pass": true,
              "fail": false,
              "pending": false,
              "context": null,
              "code": "var alert = await page.$(ratePage.alertSuccess)\nvar text = await page.evaluate(el => el.textContent, alert)\nexpect(text).to.contain('You removed your vote successfully!')",
              "err": {},
              "uuid": "c1c5219d-f810-49cb-a997-0adef02ccde6",
              "parentUUID": "1fdc4037-0306-4c7a-92ce-1978a64db07a",
              "isHook": false,
              "skipped": false
            }
          ],
          "suites": [],
          "passes": [
            "818ef135-9d85-49c3-9631-3b21089e12dc",
            "6f342bf9-d2a0-4186-ab1e-eab9411c0383",
            "1a28363d-9bb0-4c53-ac77-2a45c99a0269",
            "1e324ae7-a629-4803-a69f-a9a95a5d7488",
            "f4742d20-09b3-4c55-bf08-7e44cc3b8bd3",
            "7e470658-4ca7-4e0c-9d83-9a79aafe259f",
            "9739f8a2-bb56-4eb2-94c1-53877daed091",
            "bb12dd42-a038-4574-b60f-dcf8b2b71b27",
            "c1c5219d-f810-49cb-a997-0adef02ccde6"
          ],
          "failures": [],
          "pending": [],
          "skipped": [],
          "duration": 1495,
          "root": false,
          "rootEmpty": false,
          "_timeout": 30000
        }
      ],
      "passes": [],
      "failures": [],
      "pending": [],
      "skipped": [],
      "duration": 0,
      "root": true,
      "rootEmpty": true,
      "_timeout": 30000
    }
  ],
  "meta": {
    "mocha": {
      "version": "6.2.0"
    },
    "mochawesome": {
      "options": {
        "quiet": false,
        "reportFilename": "mochawesome",
        "saveHtml": true,
        "saveJson": true,
        "consoleReporter": "spec",
        "useInlineDiffs": false
      },
      "version": "4.1.0"
    },
    "marge": {
      "options": null,
      "version": "4.0.1"
    }
  }
}