{
  "stats": {
    "suites": 7,
    "tests": 51,
    "passes": 42,
    "pending": 0,
    "failures": 9,
    "start": "2019-09-25T09:39:48.052Z",
    "end": "2019-09-25T09:40:18.223Z",
    "duration": 30171,
    "testsRegistered": 51,
    "passPercent": 82.35294117647058,
    "pendingPercent": 0,
    "other": 0,
    "hasOther": false,
    "skipped": 0,
    "hasSkipped": false
  },
  "results": [
    {
      "uuid": "d7139530-5457-4181-8323-4199e3f05193",
      "title": "",
      "fullFile": "",
      "file": "",
      "beforeHooks": [
        {
          "title": "\"before all\" hook",
          "fullTitle": "\"before all\" hook",
          "timedOut": false,
          "duration": 290,
          "state": null,
          "speed": null,
          "pass": false,
          "fail": false,
          "pending": false,
          "context": null,
          "code": "browser = await puppeteer.launch({\n  headless: config.isHeadLess,\n  slowMo: config.slowMo,\n  devtools: config.devtools,\n  timeout: config.launchTimeout\n})\npage = await browser.newPage()\nawait page.setDefaultTimeout(config.waitingTimeout)\nawait page.setViewport({\n  width: config.viewportWeiht,\n  height: config.viewportHeight\n})",
          "err": {},
          "uuid": "49cc5f94-1780-48b0-bdb2-9aac09b3097c",
          "parentUUID": "d7139530-5457-4181-8323-4199e3f05193",
          "isHook": true,
          "skipped": false
        },
        {
          "title": "\"before all\" hook",
          "fullTitle": "\"before all\" hook",
          "timedOut": false,
          "duration": 309,
          "state": null,
          "speed": null,
          "pass": false,
          "fail": false,
          "pending": false,
          "context": null,
          "code": "browser = await puppeteer.launch({\n  headless: config.isHeadLess,\n  slowMo: config.slowMo,\n  devtools: config.devtools,\n  timeout: config.launchTimeout\n})\npage = await browser.newPage()\nawait page.setDefaultTimeout(config.waitingTimeout)\nawait page.setViewport({\n  width: config.viewportWeiht,\n  height: config.viewportHeight\n})",
          "err": {},
          "uuid": "002f3ca8-5518-4aef-88a7-e99be67083a2",
          "parentUUID": "d7139530-5457-4181-8323-4199e3f05193",
          "isHook": true,
          "skipped": false
        },
        {
          "title": "\"before all\" hook",
          "fullTitle": "\"before all\" hook",
          "timedOut": false,
          "duration": 204,
          "state": null,
          "speed": null,
          "pass": false,
          "fail": false,
          "pending": false,
          "context": null,
          "code": "browser = await puppeteer.launch({\n  headless: config.isHeadLess,\n  slowMo: config.slowMo,\n  devtools: config.devtools,\n  timeout: config.launchTimeout\n})\npage = await browser.newPage()\nawait page.setDefaultTimeout(config.waitingTimeout)\nawait page.setViewport({\n  width: config.viewportWeiht,\n  height: config.viewportHeight\n})",
          "err": {},
          "uuid": "bc386bbe-6a59-4647-b086-09f4fba7c02b",
          "parentUUID": "d7139530-5457-4181-8323-4199e3f05193",
          "isHook": true,
          "skipped": false
        }
      ],
      "afterHooks": [
        {
          "title": "\"after all\" hook",
          "fullTitle": "\"after all\" hook",
          "timedOut": false,
          "duration": 151,
          "state": null,
          "speed": null,
          "pass": false,
          "fail": false,
          "pending": false,
          "context": null,
          "code": "await browser.close()",
          "err": {},
          "uuid": "43466646-e020-4cae-88db-8613e9452391",
          "parentUUID": "d7139530-5457-4181-8323-4199e3f05193",
          "isHook": true,
          "skipped": false
        },
        {
          "title": "\"after all\" hook",
          "fullTitle": "\"after all\" hook",
          "timedOut": false,
          "duration": 112,
          "state": null,
          "speed": null,
          "pass": false,
          "fail": false,
          "pending": false,
          "context": null,
          "code": "await browser.close()",
          "err": {},
          "uuid": "22d00abd-9fed-4378-82e8-d2baf3f5e710",
          "parentUUID": "d7139530-5457-4181-8323-4199e3f05193",
          "isHook": true,
          "skipped": false
        },
        {
          "title": "\"after all\" hook",
          "fullTitle": "\"after all\" hook",
          "timedOut": false,
          "duration": 107,
          "state": null,
          "speed": null,
          "pass": false,
          "fail": false,
          "pending": false,
          "context": null,
          "code": "await browser.close()",
          "err": {},
          "uuid": "ed5771a2-ea7b-407b-87ba-997ca1d0497d",
          "parentUUID": "d7139530-5457-4181-8323-4199e3f05193",
          "isHook": true,
          "skipped": false
        }
      ],
      "tests": [],
      "suites": [
        {
          "uuid": "b1fbae88-3539-43d2-bf41-3dc621f80ecb",
          "title": "Login page invalid tests",
          "fullFile": "C:\\hub-tests\\tests\\loginForm.spec.js",
          "file": "\\tests\\loginForm.spec.js",
          "beforeHooks": [],
          "afterHooks": [],
          "tests": [],
          "suites": [
            {
              "uuid": "1c01f299-e9a4-4b9d-98b4-aa1125514c49",
              "title": "Submit empty login form",
              "fullFile": "C:\\hub-tests\\tests\\loginForm.spec.js",
              "file": "\\tests\\loginForm.spec.js",
              "beforeHooks": [],
              "afterHooks": [],
              "tests": [
                {
                  "title": "go to login page",
                  "fullTitle": "Login page invalid tests Submit empty login form go to login page",
                  "timedOut": false,
                  "duration": 4710,
                  "state": "passed",
                  "speed": "slow",
                  "pass": true,
                  "fail": false,
                  "pending": false,
                  "context": null,
                  "code": "await functions.loadUrl(page, config.baseURl)",
                  "err": {},
                  "uuid": "7a2942f2-772b-41a0-9ac9-cd53565b53a5",
                  "parentUUID": "1c01f299-e9a4-4b9d-98b4-aa1125514c49",
                  "isHook": false,
                  "skipped": false
                },
                {
                  "title": "check that page is loaded",
                  "fullTitle": "Login page invalid tests Submit empty login form check that page is loaded",
                  "timedOut": false,
                  "duration": 16,
                  "state": "passed",
                  "speed": "fast",
                  "pass": true,
                  "fail": false,
                  "pending": false,
                  "context": null,
                  "code": "await functions.waitForText(page, 'body', 'Login')",
                  "err": {},
                  "uuid": "9635893b-8b3b-4cb3-ab72-8d8b16094434",
                  "parentUUID": "1c01f299-e9a4-4b9d-98b4-aa1125514c49",
                  "isHook": false,
                  "skipped": false
                },
                {
                  "title": "submit empty login form",
                  "fullTitle": "Login page invalid tests Submit empty login form submit empty login form",
                  "timedOut": false,
                  "duration": 191,
                  "state": "passed",
                  "speed": "slow",
                  "pass": true,
                  "fail": false,
                  "pending": false,
                  "context": null,
                  "code": "await functions.click(page, loginPageLocator.loginBtn)",
                  "err": {},
                  "uuid": "9c7b18d2-4b4d-440e-b2be-dbe2c22aec5c",
                  "parentUUID": "1c01f299-e9a4-4b9d-98b4-aa1125514c49",
                  "isHook": false,
                  "skipped": false
                },
                {
                  "title": "check that error is shown",
                  "fullTitle": "Login page invalid tests Submit empty login form check that error is shown",
                  "timedOut": false,
                  "duration": 118,
                  "state": "passed",
                  "speed": "slow",
                  "pass": true,
                  "fail": false,
                  "pending": false,
                  "context": null,
                  "code": "await functions.shouldExist(page, loginPageLocator.helpText)",
                  "err": {},
                  "uuid": "aea35efe-6059-4777-a10e-4c9e5901f9ba",
                  "parentUUID": "1c01f299-e9a4-4b9d-98b4-aa1125514c49",
                  "isHook": false,
                  "skipped": false
                }
              ],
              "suites": [],
              "passes": [
                "7a2942f2-772b-41a0-9ac9-cd53565b53a5",
                "9635893b-8b3b-4cb3-ab72-8d8b16094434",
                "9c7b18d2-4b4d-440e-b2be-dbe2c22aec5c",
                "aea35efe-6059-4777-a10e-4c9e5901f9ba"
              ],
              "failures": [],
              "pending": [],
              "skipped": [],
              "duration": 5035,
              "root": false,
              "rootEmpty": false,
              "_timeout": 30000
            },
            {
              "uuid": "9b0ac522-c077-4425-aab0-b4eec8b75a0f",
              "title": "Try to log in with invalid credentials",
              "fullFile": "C:\\hub-tests\\tests\\loginForm.spec.js",
              "file": "\\tests\\loginForm.spec.js",
              "beforeHooks": [],
              "afterHooks": [],
              "tests": [
                {
                  "title": "Fill in email input",
                  "fullTitle": "Login page invalid tests Try to log in with invalid credentials Fill in email input",
                  "timedOut": false,
                  "duration": 112,
                  "state": "passed",
                  "speed": "slow",
                  "pass": true,
                  "fail": false,
                  "pending": false,
                  "context": null,
                  "code": "await functions.typeText(page, loginPageLocator.emailInput, utils.generateEmail())",
                  "err": {},
                  "uuid": "fb377f48-cda2-42b5-8e3f-7ef8abe427b7",
                  "parentUUID": "9b0ac522-c077-4425-aab0-b4eec8b75a0f",
                  "isHook": false,
                  "skipped": false
                },
                {
                  "title": "fill in password input",
                  "fullTitle": "Login page invalid tests Try to log in with invalid credentials fill in password input",
                  "timedOut": false,
                  "duration": 39,
                  "state": "passed",
                  "speed": "medium",
                  "pass": true,
                  "fail": false,
                  "pending": false,
                  "context": null,
                  "code": "await functions.typeText(page, loginPageLocator.passwordInput, utils.generateID(5))",
                  "err": {},
                  "uuid": "ff2b61de-0fa9-41e1-b41e-59bdd7c08a11",
                  "parentUUID": "9b0ac522-c077-4425-aab0-b4eec8b75a0f",
                  "isHook": false,
                  "skipped": false
                },
                {
                  "title": "submit form",
                  "fullTitle": "Login page invalid tests Try to log in with invalid credentials submit form",
                  "timedOut": false,
                  "duration": 201,
                  "state": "passed",
                  "speed": "slow",
                  "pass": true,
                  "fail": false,
                  "pending": false,
                  "context": null,
                  "code": "await functions.click(page, loginPageLocator.loginBtn)",
                  "err": {},
                  "uuid": "5b13ace4-baaa-4cfc-ad5e-d3088baea0cb",
                  "parentUUID": "9b0ac522-c077-4425-aab0-b4eec8b75a0f",
                  "isHook": false,
                  "skipped": false
                },
                {
                  "title": "check that error is shown",
                  "fullTitle": "Login page invalid tests Try to log in with invalid credentials check that error is shown",
                  "timedOut": false,
                  "duration": 83,
                  "state": "passed",
                  "speed": "slow",
                  "pass": true,
                  "fail": false,
                  "pending": false,
                  "context": null,
                  "code": "await functions.shouldExist(page, loginPageLocator.helpText)",
                  "err": {},
                  "uuid": "e69b02cb-e7b3-4067-a6b9-2fd372a1c2b1",
                  "parentUUID": "9b0ac522-c077-4425-aab0-b4eec8b75a0f",
                  "isHook": false,
                  "skipped": false
                }
              ],
              "suites": [],
              "passes": [
                "fb377f48-cda2-42b5-8e3f-7ef8abe427b7",
                "ff2b61de-0fa9-41e1-b41e-59bdd7c08a11",
                "5b13ace4-baaa-4cfc-ad5e-d3088baea0cb",
                "e69b02cb-e7b3-4067-a6b9-2fd372a1c2b1"
              ],
              "failures": [],
              "pending": [],
              "skipped": [],
              "duration": 435,
              "root": false,
              "rootEmpty": false,
              "_timeout": 30000
            }
          ],
          "passes": [],
          "failures": [],
          "pending": [],
          "skipped": [],
          "duration": 0,
          "root": false,
          "rootEmpty": false,
          "_timeout": 30000
        },
        {
          "uuid": "92a8c6d5-a46e-4a82-bd50-f5b00fe88229",
          "title": "Forgot password tests",
          "fullFile": "C:\\hub-tests\\tests\\loginForm.spec.js",
          "file": "\\tests\\loginForm.spec.js",
          "beforeHooks": [],
          "afterHooks": [],
          "tests": [
            {
              "title": "go to login page",
              "fullTitle": "Forgot password tests go to login page",
              "timedOut": false,
              "duration": 1665,
              "state": "passed",
              "speed": "slow",
              "pass": true,
              "fail": false,
              "pending": false,
              "context": null,
              "code": "await functions.loadUrl(page, config.baseURl)",
              "err": {},
              "uuid": "d5031e2c-1234-4b86-87cc-9eca4d043f3f",
              "parentUUID": "92a8c6d5-a46e-4a82-bd50-f5b00fe88229",
              "isHook": false,
              "skipped": false
            },
            {
              "title": "Click on the \"Forgot password\" link",
              "fullTitle": "Forgot password tests Click on the \"Forgot password\" link",
              "timedOut": false,
              "duration": 129,
              "state": "passed",
              "speed": "slow",
              "pass": true,
              "fail": false,
              "pending": false,
              "context": null,
              "code": "await functions.click(page, loginPageLocator.forgotPassword)",
              "err": {},
              "uuid": "8f13d618-e39f-4f89-b3b4-c8535d92d739",
              "parentUUID": "92a8c6d5-a46e-4a82-bd50-f5b00fe88229",
              "isHook": false,
              "skipped": false
            },
            {
              "title": "check that user is redirected to reset password page",
              "fullTitle": "Forgot password tests check that user is redirected to reset password page",
              "timedOut": false,
              "duration": 3,
              "state": "passed",
              "speed": "fast",
              "pass": true,
              "fail": false,
              "pending": false,
              "context": null,
              "code": "const url = await page.url()\nexpect(url).to.contain('https://hub-staging.clockwise.software/password/reset')",
              "err": {},
              "uuid": "459eb5dd-bd5a-4dd8-b1f8-434e85a0468b",
              "parentUUID": "92a8c6d5-a46e-4a82-bd50-f5b00fe88229",
              "isHook": false,
              "skipped": false
            },
            {
              "title": "fill in email input",
              "fullTitle": "Forgot password tests fill in email input",
              "timedOut": false,
              "duration": 128,
              "state": "passed",
              "speed": "slow",
              "pass": true,
              "fail": false,
              "pending": false,
              "context": null,
              "code": "await functions.typeText(page, loginPageLocator.emailInput, 'admin@gmail.com')",
              "err": {},
              "uuid": "0a70922d-4711-430f-bc9d-de99b043899f",
              "parentUUID": "92a8c6d5-a46e-4a82-bd50-f5b00fe88229",
              "isHook": false,
              "skipped": false
            },
            {
              "title": "submit password reset",
              "fullTitle": "Forgot password tests submit password reset",
              "timedOut": false,
              "duration": 2570,
              "state": "passed",
              "speed": "slow",
              "pass": true,
              "fail": false,
              "pending": false,
              "context": null,
              "code": "await functions.click(page, loginPageLocator.loginBtn)",
              "err": {},
              "uuid": "9e806d45-a684-4840-b485-e039bd7d9030",
              "parentUUID": "92a8c6d5-a46e-4a82-bd50-f5b00fe88229",
              "isHook": false,
              "skipped": false
            },
            {
              "title": "check success alert",
              "fullTitle": "Forgot password tests check success alert",
              "timedOut": false,
              "duration": 82,
              "state": "passed",
              "speed": "slow",
              "pass": true,
              "fail": false,
              "pending": false,
              "context": null,
              "code": "await functions.shouldExist(page, loginPageLocator.alertSucces)",
              "err": {},
              "uuid": "468591dd-b71c-4796-a943-6df865274a69",
              "parentUUID": "92a8c6d5-a46e-4a82-bd50-f5b00fe88229",
              "isHook": false,
              "skipped": false
            },
            {
              "title": "go back to login page",
              "fullTitle": "Forgot password tests go back to login page",
              "timedOut": false,
              "duration": 107,
              "state": "passed",
              "speed": "slow",
              "pass": true,
              "fail": false,
              "pending": false,
              "context": null,
              "code": "await functions.click(page, loginPageLocator.loginBackBtn)",
              "err": {},
              "uuid": "a4b630be-c847-451d-b635-ec005b80da20",
              "parentUUID": "92a8c6d5-a46e-4a82-bd50-f5b00fe88229",
              "isHook": false,
              "skipped": false
            },
            {
              "title": "check that user is on login page",
              "fullTitle": "Forgot password tests check that user is on login page",
              "timedOut": false,
              "duration": 84,
              "state": "passed",
              "speed": "slow",
              "pass": true,
              "fail": false,
              "pending": false,
              "context": null,
              "code": "await functions.shouldExist(page, loginPageLocator.passwordInput)",
              "err": {},
              "uuid": "19e5ab70-b4de-40ab-9eee-9bba4954015d",
              "parentUUID": "92a8c6d5-a46e-4a82-bd50-f5b00fe88229",
              "isHook": false,
              "skipped": false
            },
            {
              "title": "check url path",
              "fullTitle": "Forgot password tests check url path",
              "timedOut": false,
              "duration": 0,
              "state": "passed",
              "speed": "fast",
              "pass": true,
              "fail": false,
              "pending": false,
              "context": null,
              "code": "const url = await page.url()\nexpect(url).to.contain('https://hub-staging.clockwise.software/login')",
              "err": {},
              "uuid": "5919e3ff-0a5b-4f51-931c-5320943fa7ad",
              "parentUUID": "92a8c6d5-a46e-4a82-bd50-f5b00fe88229",
              "isHook": false,
              "skipped": false
            }
          ],
          "suites": [],
          "passes": [
            "d5031e2c-1234-4b86-87cc-9eca4d043f3f",
            "8f13d618-e39f-4f89-b3b4-c8535d92d739",
            "459eb5dd-bd5a-4dd8-b1f8-434e85a0468b",
            "0a70922d-4711-430f-bc9d-de99b043899f",
            "9e806d45-a684-4840-b485-e039bd7d9030",
            "468591dd-b71c-4796-a943-6df865274a69",
            "a4b630be-c847-451d-b635-ec005b80da20",
            "19e5ab70-b4de-40ab-9eee-9bba4954015d",
            "5919e3ff-0a5b-4f51-931c-5320943fa7ad"
          ],
          "failures": [],
          "pending": [],
          "skipped": [],
          "duration": 4768,
          "root": false,
          "rootEmpty": false,
          "_timeout": 30000
        },
        {
          "uuid": "5daf929f-e905-4916-bfcb-35cfa0b96f77",
          "title": "Log in with valid credentials",
          "fullFile": "C:\\hub-tests\\tests\\loginForm.spec.js",
          "file": "\\tests\\loginForm.spec.js",
          "beforeHooks": [],
          "afterHooks": [],
          "tests": [
            {
              "title": "load login page",
              "fullTitle": "Log in with valid credentials load login page",
              "timedOut": false,
              "duration": 1289,
              "state": "passed",
              "speed": "slow",
              "pass": true,
              "fail": false,
              "pending": false,
              "context": null,
              "code": "await functions.loadUrl(page, config.baseURl)",
              "err": {},
              "uuid": "00e17de9-531f-4247-ac5c-f7a058b86b13",
              "parentUUID": "5daf929f-e905-4916-bfcb-35cfa0b96f77",
              "isHook": false,
              "skipped": false
            },
            {
              "title": "check page title",
              "fullTitle": "Log in with valid credentials check page title",
              "timedOut": false,
              "duration": 9,
              "state": "passed",
              "speed": "fast",
              "pass": true,
              "fail": false,
              "pending": false,
              "context": null,
              "code": "const title = await page.title()\nexpect(title).to.contains('Clockwise Hub')",
              "err": {},
              "uuid": "088a41c2-0314-48fe-b5fa-a2e9551df976",
              "parentUUID": "5daf929f-e905-4916-bfcb-35cfa0b96f77",
              "isHook": false,
              "skipped": false
            },
            {
              "title": "click on \"Remember me\" checkbox",
              "fullTitle": "Log in with valid credentials click on \"Remember me\" checkbox",
              "timedOut": false,
              "duration": 41,
              "state": "passed",
              "speed": "medium",
              "pass": true,
              "fail": false,
              "pending": false,
              "context": null,
              "code": "await functions.click(page, loginPageLocator.checkbox)",
              "err": {},
              "uuid": "e8189b75-ae91-4ccd-ab86-3020a8aee167",
              "parentUUID": "5daf929f-e905-4916-bfcb-35cfa0b96f77",
              "isHook": false,
              "skipped": false
            },
            {
              "title": "check that checkbox is checked",
              "fullTitle": "Log in with valid credentials check that checkbox is checked",
              "timedOut": false,
              "duration": 7,
              "state": "passed",
              "speed": "fast",
              "pass": true,
              "fail": false,
              "pending": false,
              "context": null,
              "code": "const onCheckbox = await page.evaluate(() => {\n  return document.querySelector('input[type=\"checkbox\"]').checked\n})\nexpect(onCheckbox).to.equal(true)",
              "err": {},
              "uuid": "c826fef6-5362-4a2a-a703-fe0555276ecd",
              "parentUUID": "5daf929f-e905-4916-bfcb-35cfa0b96f77",
              "isHook": false,
              "skipped": false
            },
            {
              "title": "fill in email input with valid data",
              "fullTitle": "Log in with valid credentials fill in email input with valid data",
              "timedOut": false,
              "duration": 109,
              "state": "passed",
              "speed": "slow",
              "pass": true,
              "fail": false,
              "pending": false,
              "context": null,
              "code": "await functions.typeText(page, loginPageLocator.emailInput, 'admin@gmail.com')",
              "err": {},
              "uuid": "5653bab9-c6c5-4f39-9837-f1c2223e04ad",
              "parentUUID": "5daf929f-e905-4916-bfcb-35cfa0b96f77",
              "isHook": false,
              "skipped": false
            },
            {
              "title": "fill in password input with valid data",
              "fullTitle": "Log in with valid credentials fill in password input with valid data",
              "timedOut": false,
              "duration": 35,
              "state": "passed",
              "speed": "fast",
              "pass": true,
              "fail": false,
              "pending": false,
              "context": null,
              "code": "await functions.typeText(page, loginPageLocator.passwordInput, 'admin')",
              "err": {},
              "uuid": "db34ce9f-d4cb-4e4f-ae02-6e82e11cbad4",
              "parentUUID": "5daf929f-e905-4916-bfcb-35cfa0b96f77",
              "isHook": false,
              "skipped": false
            },
            {
              "title": "submit login form",
              "fullTitle": "Log in with valid credentials submit login form",
              "timedOut": false,
              "duration": 1261,
              "state": "passed",
              "speed": "slow",
              "pass": true,
              "fail": false,
              "pending": false,
              "context": null,
              "code": "await functions.click(page, loginPageLocator.loginBtn)",
              "err": {},
              "uuid": "3f1d3ec9-489c-429f-861c-6c5dcaf581b4",
              "parentUUID": "5daf929f-e905-4916-bfcb-35cfa0b96f77",
              "isHook": false,
              "skipped": false
            },
            {
              "title": "check that dashboard is loaded",
              "fullTitle": "Log in with valid credentials check that dashboard is loaded",
              "timedOut": false,
              "duration": 155,
              "state": "passed",
              "speed": "slow",
              "pass": true,
              "fail": false,
              "pending": false,
              "context": null,
              "code": "await functions.shouldExist(page, homePageLocator.nearestEventsBlock)",
              "err": {},
              "uuid": "9d26d07e-a0e6-470f-b722-89fdc3c26434",
              "parentUUID": "5daf929f-e905-4916-bfcb-35cfa0b96f77",
              "isHook": false,
              "skipped": false
            },
            {
              "title": "check url path for home page",
              "fullTitle": "Log in with valid credentials check url path for home page",
              "timedOut": false,
              "duration": 0,
              "state": "passed",
              "speed": "fast",
              "pass": true,
              "fail": false,
              "pending": false,
              "context": null,
              "code": "const url = await page.url()\nexpect(url).to.contain('https://hub-staging.clockwise.software/home')",
              "err": {},
              "uuid": "61e78e7a-b4d5-4c28-b45e-aa9c18925900",
              "parentUUID": "5daf929f-e905-4916-bfcb-35cfa0b96f77",
              "isHook": false,
              "skipped": false
            }
          ],
          "suites": [],
          "passes": [
            "00e17de9-531f-4247-ac5c-f7a058b86b13",
            "088a41c2-0314-48fe-b5fa-a2e9551df976",
            "e8189b75-ae91-4ccd-ab86-3020a8aee167",
            "c826fef6-5362-4a2a-a703-fe0555276ecd",
            "5653bab9-c6c5-4f39-9837-f1c2223e04ad",
            "db34ce9f-d4cb-4e4f-ae02-6e82e11cbad4",
            "3f1d3ec9-489c-429f-861c-6c5dcaf581b4",
            "9d26d07e-a0e6-470f-b722-89fdc3c26434",
            "61e78e7a-b4d5-4c28-b45e-aa9c18925900"
          ],
          "failures": [],
          "pending": [],
          "skipped": [],
          "duration": 2906,
          "root": false,
          "rootEmpty": false,
          "_timeout": 30000
        },
        {
          "uuid": "be02734f-3ee9-4dbb-8455-64cda79f56b9",
          "title": "Negative tests for Rate page",
          "fullFile": "C:\\hub-tests\\tests\\rate.spec.js",
          "file": "\\tests\\rate.spec.js",
          "beforeHooks": [],
          "afterHooks": [],
          "tests": [
            {
              "title": "load login page",
              "fullTitle": "Negative tests for Rate page load login page",
              "timedOut": false,
              "duration": 2772,
              "state": "passed",
              "speed": "slow",
              "pass": true,
              "fail": false,
              "pending": false,
              "context": null,
              "code": "await functions.loadUrl(page, config.baseURl)",
              "err": {},
              "uuid": "e16ab81d-aad3-4bc1-98a0-73e7c14fb3c6",
              "parentUUID": "be02734f-3ee9-4dbb-8455-64cda79f56b9",
              "isHook": false,
              "skipped": false
            },
            {
              "title": "fill in email input",
              "fullTitle": "Negative tests for Rate page fill in email input",
              "timedOut": false,
              "duration": 83,
              "state": "passed",
              "speed": "slow",
              "pass": true,
              "fail": false,
              "pending": false,
              "context": null,
              "code": "await functions.typeText(page, loginPage.emailInput, 'admin@gmail.com')",
              "err": {},
              "uuid": "8f06bc90-488b-4d52-b79a-5e22682f2098",
              "parentUUID": "be02734f-3ee9-4dbb-8455-64cda79f56b9",
              "isHook": false,
              "skipped": false
            },
            {
              "title": "fill in password input",
              "fullTitle": "Negative tests for Rate page fill in password input",
              "timedOut": false,
              "duration": 32,
              "state": "passed",
              "speed": "fast",
              "pass": true,
              "fail": false,
              "pending": false,
              "context": null,
              "code": "await functions.typeText(page, loginPage.passwordInput, 'admin')",
              "err": {},
              "uuid": "b172232d-8ae2-4b0b-98a5-42c6bee91d36",
              "parentUUID": "be02734f-3ee9-4dbb-8455-64cda79f56b9",
              "isHook": false,
              "skipped": false
            },
            {
              "title": "submit login form",
              "fullTitle": "Negative tests for Rate page submit login form",
              "timedOut": false,
              "duration": 1284,
              "state": "passed",
              "speed": "slow",
              "pass": true,
              "fail": false,
              "pending": false,
              "context": null,
              "code": "await functions.click(page, loginPage.loginBtn)",
              "err": {},
              "uuid": "184ca2f6-ab6b-4f1c-9c5d-c13e1e3171be",
              "parentUUID": "be02734f-3ee9-4dbb-8455-64cda79f56b9",
              "isHook": false,
              "skipped": false
            },
            {
              "title": "check that dashboard is visible",
              "fullTitle": "Negative tests for Rate page check that dashboard is visible",
              "timedOut": false,
              "duration": 197,
              "state": "passed",
              "speed": "slow",
              "pass": true,
              "fail": false,
              "pending": false,
              "context": null,
              "code": "await functions.shouldExist(page, homePage.nearestEventsBlock, true)",
              "err": {},
              "uuid": "96a52aac-85bf-472d-a2db-ed99206f14a9",
              "parentUUID": "be02734f-3ee9-4dbb-8455-64cda79f56b9",
              "isHook": false,
              "skipped": false
            },
            {
              "title": "go to Rate page",
              "fullTitle": "Negative tests for Rate page go to Rate page",
              "timedOut": false,
              "duration": 161,
              "state": "passed",
              "speed": "slow",
              "pass": true,
              "fail": false,
              "pending": false,
              "context": null,
              "code": "await functions.click(page, homePage.rateNavLink)",
              "err": {},
              "uuid": "27ef8f1a-8efb-4481-94ff-31716450b3b4",
              "parentUUID": "be02734f-3ee9-4dbb-8455-64cda79f56b9",
              "isHook": false,
              "skipped": false
            },
            {
              "title": "check that Rate page is loaded",
              "fullTitle": "Negative tests for Rate page check that Rate page is loaded",
              "timedOut": false,
              "duration": 217,
              "state": "passed",
              "speed": "slow",
              "pass": true,
              "fail": false,
              "pending": false,
              "context": null,
              "code": "await functions.shouldExist(page, ratePage.pointsPannelHeading, true)\nawait functions.shouldExist(page, ratePage.usersTabContent, true)",
              "err": {},
              "uuid": "4064ac0c-05a6-44f2-92cb-536677e16caf",
              "parentUUID": "be02734f-3ee9-4dbb-8455-64cda79f56b9",
              "isHook": false,
              "skipped": false
            },
            {
              "title": "check that logged in user doesnt see himself name in rate table",
              "fullTitle": "Negative tests for Rate page check that logged in user doesnt see himself name in rate table",
              "timedOut": false,
              "duration": 2,
              "state": "passed",
              "speed": "fast",
              "pass": true,
              "fail": false,
              "pending": false,
              "context": null,
              "code": "var innerUsersText = await page.evaluate((selector) => {\n    return document.querySelector(selector).innerText\n}, ratePage.usersTabContent)\nexpect(innerUsersText).to.not.contains('Admin')",
              "err": {},
              "uuid": "fe6a842b-7a7f-49e7-9ee2-6a7a9035d8ac",
              "parentUUID": "be02734f-3ee9-4dbb-8455-64cda79f56b9",
              "isHook": false,
              "skipped": false
            },
            {
              "title": "click on UpVote icon in users table",
              "fullTitle": "Negative tests for Rate page click on UpVote icon in users table",
              "timedOut": false,
              "duration": 57,
              "state": "passed",
              "speed": "medium",
              "pass": true,
              "fail": false,
              "pending": false,
              "context": null,
              "code": "await functions.click(page, ratePage.upVoteBtn)",
              "err": {},
              "uuid": "35648514-8d02-416b-9a37-cec393e9ad33",
              "parentUUID": "be02734f-3ee9-4dbb-8455-64cda79f56b9",
              "isHook": false,
              "skipped": false
            },
            {
              "title": "submit empty feedback form",
              "fullTitle": "Negative tests for Rate page submit empty feedback form",
              "timedOut": false,
              "duration": 36,
              "state": "failed",
              "speed": null,
              "pass": false,
              "fail": true,
              "pending": false,
              "context": null,
              "code": "await functions.click(page, ratePage.voteBtn)",
              "err": {
                "message": "Error: Could not click on selector: .modal-footer > button:nth-child(2)",
                "estack": "Error: Could not click on selector: .modal-footer > button:nth-child(2)\n    at Object.click (lib\\helpers.js:7:13)\n    at process._tickCallback (internal/process/next_tick.js:68:7)",
                "diff": null
              },
              "uuid": "c884496d-0020-4c4d-82c6-2ca0aa17f9c7",
              "parentUUID": "be02734f-3ee9-4dbb-8455-64cda79f56b9",
              "isHook": false,
              "skipped": false
            },
            {
              "title": "check that feedback form is still opened",
              "fullTitle": "Negative tests for Rate page check that feedback form is still opened",
              "timedOut": false,
              "duration": 120,
              "state": "passed",
              "speed": "slow",
              "pass": true,
              "fail": false,
              "pending": false,
              "context": null,
              "code": "await functions.shouldExist(page, ratePage.modalForm, true)",
              "err": {},
              "uuid": "c6f42947-88c4-46df-bd3c-1741691bdf47",
              "parentUUID": "be02734f-3ee9-4dbb-8455-64cda79f56b9",
              "isHook": false,
              "skipped": false
            },
            {
              "title": "cancel voting for closing form",
              "fullTitle": "Negative tests for Rate page cancel voting for closing form",
              "timedOut": false,
              "duration": 0,
              "state": "failed",
              "speed": null,
              "pass": false,
              "fail": true,
              "pending": false,
              "context": null,
              "code": "await functions.click(ratePage.cancelBtn)",
              "err": {
                "message": "Error: Could not click on selector: undefined",
                "estack": "Error: Could not click on selector: undefined\n    at Object.click (lib\\helpers.js:7:13)\n    at Context.it (tests\\rate.spec.js:84:25)",
                "diff": null
              },
              "uuid": "20331c5e-d011-47e3-9807-d1f8316119e3",
              "parentUUID": "be02734f-3ee9-4dbb-8455-64cda79f56b9",
              "isHook": false,
              "skipped": false
            },
            {
              "title": "check that form is invisible",
              "fullTitle": "Negative tests for Rate page check that form is invisible",
              "timedOut": false,
              "duration": 6,
              "state": "passed",
              "speed": "fast",
              "pass": true,
              "fail": false,
              "pending": false,
              "context": null,
              "code": "await functions.shouldExist(page, ratePage.modalForm, false)",
              "err": {},
              "uuid": "16c94a8f-1630-430d-a7e0-224a9cb6da20",
              "parentUUID": "be02734f-3ee9-4dbb-8455-64cda79f56b9",
              "isHook": false,
              "skipped": false
            },
            {
              "title": "reload page",
              "fullTitle": "Negative tests for Rate page reload page",
              "timedOut": false,
              "duration": 253,
              "state": "passed",
              "speed": "slow",
              "pass": true,
              "fail": false,
              "pending": false,
              "context": null,
              "code": "await page.reload()",
              "err": {},
              "uuid": "68ac9c98-3cad-49f8-ad1c-b7ac0c8b9cf7",
              "parentUUID": "be02734f-3ee9-4dbb-8455-64cda79f56b9",
              "isHook": false,
              "skipped": false
            },
            {
              "title": "click on UpVote icon in users table",
              "fullTitle": "Negative tests for Rate page click on UpVote icon in users table",
              "timedOut": false,
              "duration": 47,
              "state": "passed",
              "speed": "medium",
              "pass": true,
              "fail": false,
              "pending": false,
              "context": null,
              "code": "await functions.click(page, ratePage.upVoteBtn)",
              "err": {},
              "uuid": "51f1b427-31a8-41fe-aec8-1fb9bc212e50",
              "parentUUID": "be02734f-3ee9-4dbb-8455-64cda79f56b9",
              "isHook": false,
              "skipped": false
            },
            {
              "title": "type reason shorter than 3 symbols",
              "fullTitle": "Negative tests for Rate page type reason shorter than 3 symbols",
              "timedOut": false,
              "duration": 38,
              "state": "passed",
              "speed": "medium",
              "pass": true,
              "fail": false,
              "pending": false,
              "context": null,
              "code": "await functions.typeText(page, ratePage.reasonTextarea, '+')",
              "err": {},
              "uuid": "b65355ac-9e11-455c-b095-d18530cadda0",
              "parentUUID": "be02734f-3ee9-4dbb-8455-64cda79f56b9",
              "isHook": false,
              "skipped": false
            },
            {
              "title": "submit vote",
              "fullTitle": "Negative tests for Rate page submit vote",
              "timedOut": false,
              "duration": 24,
              "state": "failed",
              "speed": null,
              "pass": false,
              "fail": true,
              "pending": false,
              "context": null,
              "code": "await functions.click(page, ratePage.voteBtn)",
              "err": {
                "message": "Error: Could not click on selector: .modal-footer > button:nth-child(2)",
                "estack": "Error: Could not click on selector: .modal-footer > button:nth-child(2)\n    at Object.click (lib\\helpers.js:7:13)\n    at process._tickCallback (internal/process/next_tick.js:68:7)",
                "diff": null
              },
              "uuid": "6d767eae-b810-4b4a-acd4-6f29cce8003f",
              "parentUUID": "be02734f-3ee9-4dbb-8455-64cda79f56b9",
              "isHook": false,
              "skipped": false
            },
            {
              "title": "check error alert",
              "fullTitle": "Negative tests for Rate page check error alert",
              "timedOut": false,
              "duration": 8,
              "state": "failed",
              "speed": null,
              "pass": false,
              "fail": true,
              "pending": false,
              "context": null,
              "code": "var alertEl = await page.$(ratePage.alertError)\nvar text = await page.evaluate(el => el.textContent, alertEl)\nexpect(text).to.contain('The reason must be at least 3 characters.')",
              "err": {
                "message": "Error: Evaluation failed: TypeError: Cannot read property 'textContent' of null\n    at __puppeteer_evaluation_script__:1:11",
                "estack": "Error: Evaluation failed: TypeError: Cannot read property 'textContent' of null\n    at __puppeteer_evaluation_script__:1:11\n    at ExecutionContext._evaluateInternal (node_modules\\puppeteer\\lib\\ExecutionContext.js:122:13)\n    at process._tickCallback (internal/process/next_tick.js:68:7)\n  -- ASYNC --\n    at ExecutionContext.<anonymous> (node_modules\\puppeteer\\lib\\helper.js:111:15)\n    at DOMWorld.evaluate (node_modules\\puppeteer\\lib\\DOMWorld.js:112:20)\n    at process._tickCallback (internal/process/next_tick.js:68:7)\n  -- ASYNC --\n    at Frame.<anonymous> (node_modules\\puppeteer\\lib\\helper.js:111:15)\n    at Page.evaluate (node_modules\\puppeteer\\lib\\Page.js:827:43)\n    at Page.<anonymous> (node_modules\\puppeteer\\lib\\helper.js:112:23)\n    at Context.it (tests\\rate.spec.js:109:31)\n    at process._tickCallback (internal/process/next_tick.js:68:7)",
                "diff": null
              },
              "uuid": "7cd0c5fa-bb8f-47c5-8ff8-4a49329b0b1b",
              "parentUUID": "be02734f-3ee9-4dbb-8455-64cda79f56b9",
              "isHook": false,
              "skipped": false
            }
          ],
          "suites": [],
          "passes": [
            "e16ab81d-aad3-4bc1-98a0-73e7c14fb3c6",
            "8f06bc90-488b-4d52-b79a-5e22682f2098",
            "b172232d-8ae2-4b0b-98a5-42c6bee91d36",
            "184ca2f6-ab6b-4f1c-9c5d-c13e1e3171be",
            "96a52aac-85bf-472d-a2db-ed99206f14a9",
            "27ef8f1a-8efb-4481-94ff-31716450b3b4",
            "4064ac0c-05a6-44f2-92cb-536677e16caf",
            "fe6a842b-7a7f-49e7-9ee2-6a7a9035d8ac",
            "35648514-8d02-416b-9a37-cec393e9ad33",
            "c6f42947-88c4-46df-bd3c-1741691bdf47",
            "16c94a8f-1630-430d-a7e0-224a9cb6da20",
            "68ac9c98-3cad-49f8-ad1c-b7ac0c8b9cf7",
            "51f1b427-31a8-41fe-aec8-1fb9bc212e50",
            "b65355ac-9e11-455c-b095-d18530cadda0"
          ],
          "failures": [
            "c884496d-0020-4c4d-82c6-2ca0aa17f9c7",
            "20331c5e-d011-47e3-9807-d1f8316119e3",
            "6d767eae-b810-4b4a-acd4-6f29cce8003f",
            "7cd0c5fa-bb8f-47c5-8ff8-4a49329b0b1b"
          ],
          "pending": [],
          "skipped": [],
          "duration": 5337,
          "root": false,
          "rootEmpty": false,
          "_timeout": 30000
        },
        {
          "uuid": "be9b6e02-a38a-4c51-898d-6dccfffe0c5e",
          "title": "Positive tests for Rate page",
          "fullFile": "C:\\hub-tests\\tests\\rate.spec.js",
          "file": "\\tests\\rate.spec.js",
          "beforeHooks": [],
          "afterHooks": [],
          "tests": [
            {
              "title": "reload Rate page",
              "fullTitle": "Positive tests for Rate page reload Rate page",
              "timedOut": false,
              "duration": 250,
              "state": "passed",
              "speed": "slow",
              "pass": true,
              "fail": false,
              "pending": false,
              "context": null,
              "code": "await page.reload()",
              "err": {},
              "uuid": "54269c97-0c4b-4d62-9606-cc96f6f3462d",
              "parentUUID": "be9b6e02-a38a-4c51-898d-6dccfffe0c5e",
              "isHook": false,
              "skipped": false
            },
            {
              "title": "click on UpVote icon in users table",
              "fullTitle": "Positive tests for Rate page click on UpVote icon in users table",
              "timedOut": false,
              "duration": 45,
              "state": "passed",
              "speed": "medium",
              "pass": true,
              "fail": false,
              "pending": false,
              "context": null,
              "code": "await functions.click(page, ratePage.upVoteBtn)",
              "err": {},
              "uuid": "836b9bfb-cf10-41f0-8182-6e48620422ff",
              "parentUUID": "be9b6e02-a38a-4c51-898d-6dccfffe0c5e",
              "isHook": false,
              "skipped": false
            },
            {
              "title": "fill in feedback form with valid reason",
              "fullTitle": "Positive tests for Rate page fill in feedback form with valid reason",
              "timedOut": false,
              "duration": 35,
              "state": "failed",
              "speed": null,
              "pass": false,
              "fail": true,
              "pending": false,
              "context": null,
              "code": "await functions.click(page, ratePage.reasonTextarea)\nawait functions.typeText(page, ratePage.reasonTextarea, 'test')",
              "err": {
                "message": "Error: Could not click on selector: textarea[name=\"reason\"]",
                "estack": "Error: Could not click on selector: textarea[name=\"reason\"]\n    at Object.click (lib\\helpers.js:7:13)\n    at process._tickCallback (internal/process/next_tick.js:68:7)",
                "diff": null
              },
              "uuid": "3e3d44ef-f8e2-4d0f-998d-cc27634cea37",
              "parentUUID": "be9b6e02-a38a-4c51-898d-6dccfffe0c5e",
              "isHook": false,
              "skipped": false
            },
            {
              "title": "submit feedback",
              "fullTitle": "Positive tests for Rate page submit feedback",
              "timedOut": false,
              "duration": 0,
              "state": "failed",
              "speed": null,
              "pass": false,
              "fail": true,
              "pending": false,
              "context": null,
              "code": "await functions.click(ratePage.voteBtn)",
              "err": {
                "message": "Error: Could not click on selector: undefined",
                "estack": "Error: Could not click on selector: undefined\n    at Object.click (lib\\helpers.js:7:13)\n    at Context.it (tests\\rate.spec.js:130:25)",
                "diff": null
              },
              "uuid": "918f2d6f-e7e1-4b0e-943b-9cf692d0e895",
              "parentUUID": "be9b6e02-a38a-4c51-898d-6dccfffe0c5e",
              "isHook": false,
              "skipped": false
            },
            {
              "title": "check success alert",
              "fullTitle": "Positive tests for Rate page check success alert",
              "timedOut": false,
              "duration": 8,
              "state": "failed",
              "speed": null,
              "pass": false,
              "fail": true,
              "pending": false,
              "context": null,
              "code": "var alert = await page.$(ratePage.alertSuccess)\nvar text = await page.evaluate(el => el.textContent, alert)\nexpect(text).to.contain('You voted successfully!')",
              "err": {
                "message": "Error: Evaluation failed: TypeError: Cannot read property 'textContent' of null\n    at __puppeteer_evaluation_script__:1:11",
                "estack": "Error: Evaluation failed: TypeError: Cannot read property 'textContent' of null\n    at __puppeteer_evaluation_script__:1:11\n    at ExecutionContext._evaluateInternal (node_modules\\puppeteer\\lib\\ExecutionContext.js:122:13)\n    at process._tickCallback (internal/process/next_tick.js:68:7)\n  -- ASYNC --\n    at ExecutionContext.<anonymous> (node_modules\\puppeteer\\lib\\helper.js:111:15)\n    at DOMWorld.evaluate (node_modules\\puppeteer\\lib\\DOMWorld.js:112:20)\n    at process._tickCallback (internal/process/next_tick.js:68:7)\n  -- ASYNC --\n    at Frame.<anonymous> (node_modules\\puppeteer\\lib\\helper.js:111:15)\n    at Page.evaluate (node_modules\\puppeteer\\lib\\Page.js:827:43)\n    at Page.<anonymous> (node_modules\\puppeteer\\lib\\helper.js:112:23)\n    at Context.it (tests\\rate.spec.js:135:31)\n    at process._tickCallback (internal/process/next_tick.js:68:7)",
                "diff": null
              },
              "uuid": "2fdc7ee7-787b-4215-882c-c99af2af5753",
              "parentUUID": "be9b6e02-a38a-4c51-898d-6dccfffe0c5e",
              "isHook": false,
              "skipped": false
            },
            {
              "title": "unvote voted user for clearing test env",
              "fullTitle": "Positive tests for Rate page unvote voted user for clearing test env",
              "timedOut": false,
              "duration": 10002,
              "state": "failed",
              "speed": null,
              "pass": false,
              "fail": true,
              "pending": false,
              "context": null,
              "code": "await functions.click(page, ratePage.downVoteBtn)",
              "err": {
                "message": "Error: Could not click on selector: .glyphicon.glyphicon-arrow-down",
                "estack": "Error: Could not click on selector: .glyphicon.glyphicon-arrow-down\n    at Object.click (lib\\helpers.js:7:13)",
                "diff": null
              },
              "uuid": "72699556-74f1-449b-bd08-ab25fea388c7",
              "parentUUID": "be9b6e02-a38a-4c51-898d-6dccfffe0c5e",
              "isHook": false,
              "skipped": false
            },
            {
              "title": "check success alert",
              "fullTitle": "Positive tests for Rate page check success alert",
              "timedOut": false,
              "duration": 2,
              "state": "failed",
              "speed": null,
              "pass": false,
              "fail": true,
              "pending": false,
              "context": null,
              "code": "var alert = await page.$(ratePage.alertSuccess)\nvar text = await page.evaluate(el => el.textContent, alert)\nexpect(text).to.contain('You removed your vote successfully!')",
              "err": {
                "message": "Error: Evaluation failed: TypeError: Cannot read property 'textContent' of null\n    at __puppeteer_evaluation_script__:1:11",
                "estack": "Error: Evaluation failed: TypeError: Cannot read property 'textContent' of null\n    at __puppeteer_evaluation_script__:1:11\n    at ExecutionContext._evaluateInternal (node_modules\\puppeteer\\lib\\ExecutionContext.js:122:13)\n    at process._tickCallback (internal/process/next_tick.js:68:7)\n  -- ASYNC --\n    at ExecutionContext.<anonymous> (node_modules\\puppeteer\\lib\\helper.js:111:15)\n    at DOMWorld.evaluate (node_modules\\puppeteer\\lib\\DOMWorld.js:112:20)\n    at process._tickCallback (internal/process/next_tick.js:68:7)\n  -- ASYNC --\n    at Frame.<anonymous> (node_modules\\puppeteer\\lib\\helper.js:111:15)\n    at Page.evaluate (node_modules\\puppeteer\\lib\\Page.js:827:43)\n    at Page.<anonymous> (node_modules\\puppeteer\\lib\\helper.js:112:23)\n    at Context.it (tests\\rate.spec.js:145:31)\n    at process._tickCallback (internal/process/next_tick.js:68:7)",
                "diff": null
              },
              "uuid": "1b59e5f8-5c3b-4cc9-8a38-3fb58441bfe9",
              "parentUUID": "be9b6e02-a38a-4c51-898d-6dccfffe0c5e",
              "isHook": false,
              "skipped": false
            }
          ],
          "suites": [],
          "passes": [
            "54269c97-0c4b-4d62-9606-cc96f6f3462d",
            "836b9bfb-cf10-41f0-8182-6e48620422ff"
          ],
          "failures": [
            "3e3d44ef-f8e2-4d0f-998d-cc27634cea37",
            "918f2d6f-e7e1-4b0e-943b-9cf692d0e895",
            "2fdc7ee7-787b-4215-882c-c99af2af5753",
            "72699556-74f1-449b-bd08-ab25fea388c7",
            "1b59e5f8-5c3b-4cc9-8a38-3fb58441bfe9"
          ],
          "pending": [],
          "skipped": [],
          "duration": 10342,
          "root": false,
          "rootEmpty": false,
          "_timeout": 30000
        }
      ],
      "passes": [],
      "failures": [],
      "pending": [],
      "skipped": [],
      "duration": 0,
      "root": true,
      "rootEmpty": true,
      "_timeout": 30000
    }
  ],
  "meta": {
    "mocha": {
      "version": "6.2.0"
    },
    "mochawesome": {
      "options": {
        "quiet": false,
        "reportFilename": "mochawesome",
        "saveHtml": true,
        "saveJson": true,
        "consoleReporter": "spec",
        "useInlineDiffs": false
      },
      "version": "4.1.0"
    },
    "marge": {
      "options": null,
      "version": "4.0.1"
    }
  }
}